0 info it worked if it ends with ok
1 verbose cli [ '/usr/local/bin/node', '/usr/local/bin/npm', 'show', 'inopt' ]
2 info using npm@1.1.49
3 info using node@v0.8.1
4 verbose url raw inopt
5 verbose url resolving [ 'https://registry.npmjs.org/', './inopt' ]
6 verbose url resolved https://registry.npmjs.org/inopt
7 info retry registry request attempt 1 at 17:52:24
8 http GET https://registry.npmjs.org/inopt
9 http 404 https://registry.npmjs.org/inopt
10 silly registry.get cb [ 404,
10 silly registry.get   { server: 'CouchDB/1.2.0 (Erlang OTP/R15B)',
10 silly registry.get     date: 'Wed, 21 Nov 2012 16:51:55 GMT',
10 silly registry.get     'content-type': 'application/json',
10 silly registry.get     'content-length': '52',
10 silly registry.get     'cache-control': 'must-revalidate' } ]
11 error 404 'inopt' is not in the npm registry.
11 error 404 You should bug the author to publish it
11 error 404
11 error 404 Note that you can also install from a
11 error 404 tarball, folder, or http url, or git url.
12 error System Linux 3.2.0-3-amd64
13 error command "/usr/local/bin/node" "/usr/local/bin/npm" "show" "inopt"
14 error cwd /home/sgmonda/projects/in
15 error node -v v0.8.1
16 error npm -v 1.1.49
17 error code E404
18 verbose exit [ 1, true ]
